<?xml version="1.0" ?>
<FlowMonitor>
  <FlowStats>
    <Flow flowId="1" timeFirstTxPacket="+1e+08ns" timeFirstRxPacket="+1.06278e+08ns" timeLastTxPacket="+9.99696e+09ns" timeLastRxPacket="+9.9963e+09ns" delaySum="+5.86156e+10ns" jitterSum="+1.8846e+09ns" lastDelay="+1.32096e+07ns" txBytes="4894608" rxBytes="4857108" txPackets="3265" rxPackets="3240" lostPackets="22" timesForwarded="6480">
      <packetsDropped reasonCode="0" number="0" />
      <packetsDropped reasonCode="1" number="0" />
      <packetsDropped reasonCode="2" number="0" />
      <packetsDropped reasonCode="3" number="0" />
      <packetsDropped reasonCode="4" number="22" />
      <bytesDropped reasonCode="0" bytes="0" />
      <bytesDropped reasonCode="1" bytes="0" />
      <bytesDropped reasonCode="2" bytes="0" />
      <bytesDropped reasonCode="3" bytes="0" />
      <bytesDropped reasonCode="4" bytes="33000" />
      <delayHistogram nBins="100" >
        <bin index="6" start="0.006" width="0.001" count="2" />
        <bin index="13" start="0.013" width="0.001" count="789" />
        <bin index="14" start="0.014" width="0.001" count="640" />
        <bin index="15" start="0.015" width="0.001" count="982" />
        <bin index="16" start="0.016" width="0.001" count="141" />
        <bin index="17" start="0.017" width="0.001" count="134" />
        <bin index="18" start="0.018" width="0.001" count="105" />
        <bin index="19" start="0.019" width="0.001" count="21" />
        <bin index="20" start="0.02" width="0.001" count="26" />
        <bin index="21" start="0.021" width="0.001" count="4" />
        <bin index="22" start="0.022" width="0.001" count="18" />
        <bin index="23" start="0.023" width="0.001" count="7" />
        <bin index="24" start="0.024" width="0.001" count="11" />
        <bin index="25" start="0.025" width="0.001" count="7" />
        <bin index="26" start="0.026" width="0.001" count="8" />
        <bin index="27" start="0.027" width="0.001" count="18" />
        <bin index="28" start="0.028" width="0.001" count="5" />
        <bin index="29" start="0.029" width="0.001" count="9" />
        <bin index="30" start="0.03" width="0.001" count="7" />
        <bin index="31" start="0.031" width="0.001" count="5" />
        <bin index="32" start="0.032" width="0.001" count="15" />
        <bin index="33" start="0.033" width="0.001" count="4" />
        <bin index="34" start="0.034" width="0.001" count="28" />
        <bin index="35" start="0.035" width="0.001" count="12" />
        <bin index="36" start="0.036" width="0.001" count="71" />
        <bin index="37" start="0.037" width="0.001" count="8" />
        <bin index="38" start="0.038" width="0.001" count="18" />
        <bin index="39" start="0.039" width="0.001" count="8" />
        <bin index="40" start="0.04" width="0.001" count="4" />
        <bin index="41" start="0.041" width="0.001" count="15" />
        <bin index="42" start="0.042" width="0.001" count="4" />
        <bin index="43" start="0.043" width="0.001" count="3" />
        <bin index="44" start="0.044" width="0.001" count="4" />
        <bin index="45" start="0.045" width="0.001" count="1" />
        <bin index="46" start="0.046" width="0.001" count="5" />
        <bin index="47" start="0.047" width="0.001" count="1" />
        <bin index="48" start="0.048" width="0.001" count="5" />
        <bin index="49" start="0.049" width="0.001" count="2" />
        <bin index="50" start="0.05" width="0.001" count="2" />
        <bin index="51" start="0.051" width="0.001" count="18" />
        <bin index="52" start="0.052" width="0.001" count="2" />
        <bin index="53" start="0.053" width="0.001" count="8" />
        <bin index="54" start="0.054" width="0.001" count="3" />
        <bin index="55" start="0.055" width="0.001" count="2" />
        <bin index="56" start="0.056" width="0.001" count="25" />
        <bin index="57" start="0.057" width="0.001" count="1" />
        <bin index="58" start="0.058" width="0.001" count="6" />
        <bin index="59" start="0.059" width="0.001" count="1" />
        <bin index="60" start="0.06" width="0.001" count="3" />
        <bin index="61" start="0.061" width="0.001" count="1" />
        <bin index="62" start="0.062" width="0.001" count="1" />
        <bin index="63" start="0.063" width="0.001" count="1" />
        <bin index="64" start="0.064" width="0.001" count="1" />
        <bin index="66" start="0.066" width="0.001" count="1" />
        <bin index="68" start="0.068" width="0.001" count="1" />
        <bin index="70" start="0.07" width="0.001" count="1" />
        <bin index="72" start="0.072" width="0.001" count="1" />
        <bin index="74" start="0.074" width="0.001" count="1" />
        <bin index="76" start="0.076" width="0.001" count="1" />
        <bin index="78" start="0.078" width="0.001" count="1" />
        <bin index="80" start="0.08" width="0.001" count="1" />
        <bin index="82" start="0.082" width="0.001" count="1" />
        <bin index="84" start="0.084" width="0.001" count="1" />
        <bin index="85" start="0.085" width="0.001" count="1" />
        <bin index="87" start="0.087" width="0.001" count="1" />
        <bin index="89" start="0.089" width="0.001" count="1" />
        <bin index="91" start="0.091" width="0.001" count="1" />
        <bin index="93" start="0.093" width="0.001" count="1" />
        <bin index="95" start="0.095" width="0.001" count="1" />
        <bin index="97" start="0.097" width="0.001" count="1" />
        <bin index="99" start="0.099" width="0.001" count="1" />
      </delayHistogram>
      <jitterHistogram nBins="42" >
        <bin index="0" start="0" width="0.001" count="2710" />
        <bin index="1" start="0.001" width="0.001" count="375" />
        <bin index="2" start="0.002" width="0.001" count="123" />
        <bin index="3" start="0.003" width="0.001" count="2" />
        <bin index="4" start="0.004" width="0.001" count="14" />
        <bin index="5" start="0.005" width="0.001" count="2" />
        <bin index="7" start="0.007" width="0.001" count="3" />
        <bin index="8" start="0.008" width="0.001" count="1" />
        <bin index="12" start="0.012" width="0.001" count="1" />
        <bin index="13" start="0.013" width="0.001" count="1" />
        <bin index="14" start="0.014" width="0.001" count="2" />
        <bin index="17" start="0.017" width="0.001" count="1" />
        <bin index="19" start="0.019" width="0.001" count="3" />
        <bin index="41" start="0.041" width="0.001" count="1" />
      </jitterHistogram>
      <packetSizeHistogram nBins="76" >
        <bin index="2" start="40" width="20" count="2" />
        <bin index="75" start="1500" width="20" count="3238" />
      </packetSizeHistogram>
      <flowInterruptionsHistogram nBins="0" >
      </flowInterruptionsHistogram>
    </Flow>
    <Flow flowId="2" timeFirstTxPacket="+1.06278e+08ns" timeFirstRxPacket="+1.12557e+08ns" timeLastTxPacket="+1e+10ns" timeLastRxPacket="+9.99851e+09ns" delaySum="+1.09401e+10ns" jitterSum="+1.7088e+06ns" lastDelay="+6.2592e+06ns" txBytes="93240" rxBytes="93188" txPackets="1747" rxPackets="1746" lostPackets="0" timesForwarded="3492">
      <delayHistogram nBins="7" >
        <bin index="6" start="0.006" width="0.001" count="1746" />
      </delayHistogram>
      <jitterHistogram nBins="1" >
        <bin index="0" start="0" width="0.001" count="1745" />
      </jitterHistogram>
      <packetSizeHistogram nBins="4" >
        <bin index="2" start="40" width="20" count="1496" />
        <bin index="3" start="60" width="20" count="250" />
      </packetSizeHistogram>
      <flowInterruptionsHistogram nBins="0" >
      </flowInterruptionsHistogram>
    </Flow>
    <Flow flowId="3" timeFirstTxPacket="+5.1e+09ns" timeFirstRxPacket="+5.11018e+09ns" timeLastTxPacket="+9.99274e+09ns" timeLastRxPacket="+9.9987e+09ns" delaySum="+2.31598e+10ns" jitterSum="+7.63089e+08ns" lastDelay="+1.4012e+07ns" txBytes="888108" rxBytes="861108" txPackets="594" rxPackets="576" lostPackets="17" timesForwarded="1152">
      <packetsDropped reasonCode="0" number="0" />
      <packetsDropped reasonCode="1" number="0" />
      <packetsDropped reasonCode="2" number="0" />
      <packetsDropped reasonCode="3" number="0" />
      <packetsDropped reasonCode="4" number="17" />
      <bytesDropped reasonCode="0" bytes="0" />
      <bytesDropped reasonCode="1" bytes="0" />
      <bytesDropped reasonCode="2" bytes="0" />
      <bytesDropped reasonCode="3" bytes="0" />
      <bytesDropped reasonCode="4" bytes="25500" />
      <delayHistogram nBins="177" >
        <bin index="10" start="0.01" width="0.001" count="2" />
        <bin index="13" start="0.013" width="0.001" count="251" />
        <bin index="14" start="0.014" width="0.001" count="102" />
        <bin index="15" start="0.015" width="0.001" count="55" />
        <bin index="16" start="0.016" width="0.001" count="1" />
        <bin index="17" start="0.017" width="0.001" count="2" />
        <bin index="20" start="0.02" width="0.001" count="1" />
        <bin index="25" start="0.025" width="0.001" count="1" />
        <bin index="29" start="0.029" width="0.001" count="1" />
        <bin index="34" start="0.034" width="0.001" count="1" />
        <bin index="39" start="0.039" width="0.001" count="1" />
        <bin index="41" start="0.041" width="0.001" count="2" />
        <bin index="44" start="0.044" width="0.001" count="1" />
        <bin index="46" start="0.046" width="0.001" count="6" />
        <bin index="49" start="0.049" width="0.001" count="1" />
        <bin index="50" start="0.05" width="0.001" count="1" />
        <bin index="51" start="0.051" width="0.001" count="1" />
        <bin index="53" start="0.053" width="0.001" count="1" />
        <bin index="54" start="0.054" width="0.001" count="1" />
        <bin index="55" start="0.055" width="0.001" count="1" />
        <bin index="56" start="0.056" width="0.001" count="2" />
        <bin index="58" start="0.058" width="0.001" count="1" />
        <bin index="59" start="0.059" width="0.001" count="1" />
        <bin index="61" start="0.061" width="0.001" count="1" />
        <bin index="64" start="0.064" width="0.001" count="1" />
        <bin index="65" start="0.065" width="0.001" count="1" />
        <bin index="69" start="0.069" width="0.001" count="1" />
        <bin index="70" start="0.07" width="0.001" count="7" />
        <bin index="73" start="0.073" width="0.001" count="1" />
        <bin index="74" start="0.074" width="0.001" count="2" />
        <bin index="75" start="0.075" width="0.001" count="19" />
        <bin index="78" start="0.078" width="0.001" count="1" />
        <bin index="79" start="0.079" width="0.001" count="9" />
        <bin index="80" start="0.08" width="0.001" count="5" />
        <bin index="83" start="0.083" width="0.001" count="1" />
        <bin index="87" start="0.087" width="0.001" count="1" />
        <bin index="89" start="0.089" width="0.001" count="1" />
        <bin index="91" start="0.091" width="0.001" count="1" />
        <bin index="94" start="0.094" width="0.001" count="6" />
        <bin index="96" start="0.096" width="0.001" count="1" />
        <bin index="99" start="0.099" width="0.001" count="3" />
        <bin index="104" start="0.104" width="0.001" count="1" />
        <bin index="108" start="0.108" width="0.001" count="4" />
        <bin index="112" start="0.112" width="0.001" count="1" />
        <bin index="113" start="0.113" width="0.001" count="1" />
        <bin index="116" start="0.116" width="0.001" count="1" />
        <bin index="121" start="0.121" width="0.001" count="1" />
        <bin index="123" start="0.123" width="0.001" count="5" />
        <bin index="125" start="0.125" width="0.001" count="1" />
        <bin index="128" start="0.128" width="0.001" count="2" />
        <bin index="129" start="0.129" width="0.001" count="1" />
        <bin index="133" start="0.133" width="0.001" count="1" />
        <bin index="137" start="0.137" width="0.001" count="4" />
        <bin index="138" start="0.138" width="0.001" count="1" />
        <bin index="142" start="0.142" width="0.001" count="7" />
        <bin index="146" start="0.146" width="0.001" count="1" />
        <bin index="147" start="0.147" width="0.001" count="6" />
        <bin index="150" start="0.15" width="0.001" count="1" />
        <bin index="152" start="0.152" width="0.001" count="1" />
        <bin index="154" start="0.154" width="0.001" count="1" />
        <bin index="157" start="0.157" width="0.001" count="7" />
        <bin index="158" start="0.158" width="0.001" count="1" />
        <bin index="161" start="0.161" width="0.001" count="7" />
        <bin index="163" start="0.163" width="0.001" count="1" />
        <bin index="166" start="0.166" width="0.001" count="8" />
        <bin index="167" start="0.167" width="0.001" count="1" />
        <bin index="171" start="0.171" width="0.001" count="9" />
        <bin index="176" start="0.176" width="0.001" count="2" />
      </delayHistogram>
      <jitterHistogram nBins="29" >
        <bin index="0" start="0" width="0.001" count="374" />
        <bin index="1" start="0.001" width="0.001" count="78" />
        <bin index="2" start="0.002" width="0.001" count="32" />
        <bin index="3" start="0.003" width="0.001" count="7" />
        <bin index="4" start="0.004" width="0.001" count="75" />
        <bin index="9" start="0.009" width="0.001" count="6" />
        <bin index="14" start="0.014" width="0.001" count="1" />
        <bin index="16" start="0.016" width="0.001" count="1" />
        <bin index="28" start="0.028" width="0.001" count="1" />
      </jitterHistogram>
      <packetSizeHistogram nBins="76" >
        <bin index="2" start="40" width="20" count="2" />
        <bin index="75" start="1500" width="20" count="574" />
      </packetSizeHistogram>
      <flowInterruptionsHistogram nBins="0" >
      </flowInterruptionsHistogram>
    </Flow>
    <Flow flowId="4" timeFirstTxPacket="+5.11018e+09ns" timeFirstRxPacket="+5.11646e+09ns" timeLastTxPacket="+1e+10ns" timeLastRxPacket="+9.99611e+09ns" delaySum="+2.31181e+09ns" jitterSum="+326400ns" lastDelay="+6.2592e+06ns" txBytes="22196" rxBytes="22144" txPackets="368" rxPackets="367" lostPackets="0" timesForwarded="734">
      <delayHistogram nBins="7" >
        <bin index="6" start="0.006" width="0.001" count="367" />
      </delayHistogram>
      <jitterHistogram nBins="1" >
        <bin index="0" start="0" width="0.001" count="366" />
      </jitterHistogram>
      <packetSizeHistogram nBins="4" >
        <bin index="2" start="40" width="20" count="210" />
        <bin index="3" start="60" width="20" count="157" />
      </packetSizeHistogram>
      <flowInterruptionsHistogram nBins="0" >
      </flowInterruptionsHistogram>
    </Flow>
  </FlowStats>
  <Ipv4FlowClassifier>
    <Flow flowId="3" sourceAddress="10.1.1.1" destinationAddress="10.1.4.2" protocol="6" sourcePort="49153" destinationPort="50001">
      <Dscp value="0x0" packets="594" />
    </Flow>
    <Flow flowId="1" sourceAddress="10.1.2.1" destinationAddress="10.1.4.2" protocol="6" sourcePort="49153" destinationPort="50001">
      <Dscp value="0x0" packets="3265" />
    </Flow>
    <Flow flowId="4" sourceAddress="10.1.4.2" destinationAddress="10.1.1.1" protocol="6" sourcePort="50001" destinationPort="49153">
      <Dscp value="0x0" packets="368" />
    </Flow>
    <Flow flowId="2" sourceAddress="10.1.4.2" destinationAddress="10.1.2.1" protocol="6" sourcePort="50001" destinationPort="49153">
      <Dscp value="0x0" packets="1747" />
    </Flow>
  </Ipv4FlowClassifier>
  <Ipv6FlowClassifier>
  </Ipv6FlowClassifier>
  <FlowProbes>
    <FlowProbe index="0">
      <FlowStats  flowId="3" packets="594" bytes="888108" delayFromFirstProbeSum="+0ns" >
      </FlowStats>
      <FlowStats  flowId="4" packets="367" bytes="22144" delayFromFirstProbeSum="+2.31181e+09ns" >
      </FlowStats>
    </FlowProbe>
    <FlowProbe index="1">
    </FlowProbe>
    <FlowProbe index="2">
      <FlowStats  flowId="1" packets="3265" bytes="4894608" delayFromFirstProbeSum="+0ns" >
        <packetsDropped reasonCode="0" number="0" />
        <packetsDropped reasonCode="1" number="0" />
        <packetsDropped reasonCode="2" number="0" />
        <packetsDropped reasonCode="3" number="0" />
        <packetsDropped reasonCode="4" number="7" />
        <bytesDropped reasonCode="0" bytes="0" />
        <bytesDropped reasonCode="1" bytes="0" />
        <bytesDropped reasonCode="2" bytes="0" />
        <bytesDropped reasonCode="3" bytes="0" />
        <bytesDropped reasonCode="4" bytes="10500" />
      </FlowStats>
      <FlowStats  flowId="2" packets="1746" bytes="93188" delayFromFirstProbeSum="+1.09401e+10ns" >
      </FlowStats>
    </FlowProbe>
    <FlowProbe index="3">
    </FlowProbe>
    <FlowProbe index="4">
      <FlowStats  flowId="1" packets="3257" bytes="4882608" delayFromFirstProbeSum="+2.50332e+10ns" >
        <packetsDropped reasonCode="0" number="0" />
        <packetsDropped reasonCode="1" number="0" />
        <packetsDropped reasonCode="2" number="0" />
        <packetsDropped reasonCode="3" number="0" />
        <packetsDropped reasonCode="4" number="15" />
        <bytesDropped reasonCode="0" bytes="0" />
        <bytesDropped reasonCode="1" bytes="0" />
        <bytesDropped reasonCode="2" bytes="0" />
        <bytesDropped reasonCode="3" bytes="0" />
        <bytesDropped reasonCode="4" bytes="22500" />
      </FlowStats>
      <FlowStats  flowId="2" packets="1746" bytes="93188" delayFromFirstProbeSum="+7.29338e+09ns" >
      </FlowStats>
      <FlowStats  flowId="3" packets="594" bytes="888108" delayFromFirstProbeSum="+3.98879e+09ns" >
        <packetsDropped reasonCode="0" number="0" />
        <packetsDropped reasonCode="1" number="0" />
        <packetsDropped reasonCode="2" number="0" />
        <packetsDropped reasonCode="3" number="0" />
        <packetsDropped reasonCode="4" number="17" />
        <bytesDropped reasonCode="0" bytes="0" />
        <bytesDropped reasonCode="1" bytes="0" />
        <bytesDropped reasonCode="2" bytes="0" />
        <bytesDropped reasonCode="3" bytes="0" />
        <bytesDropped reasonCode="4" bytes="25500" />
      </FlowStats>
      <FlowStats  flowId="4" packets="367" bytes="22144" delayFromFirstProbeSum="+1.54121e+09ns" >
      </FlowStats>
    </FlowProbe>
    <FlowProbe index="5">
    </FlowProbe>
    <FlowProbe index="6">
      <FlowStats  flowId="1" packets="3241" bytes="4858608" delayFromFirstProbeSum="+4.43628e+10ns" >
      </FlowStats>
      <FlowStats  flowId="2" packets="1746" bytes="93188" delayFromFirstProbeSum="+3.64669e+09ns" >
      </FlowStats>
      <FlowStats  flowId="3" packets="576" bytes="861108" delayFromFirstProbeSum="+2.06236e+10ns" >
      </FlowStats>
      <FlowStats  flowId="4" packets="367" bytes="22144" delayFromFirstProbeSum="+7.70605e+08ns" >
      </FlowStats>
    </FlowProbe>
    <FlowProbe index="7">
    </FlowProbe>
    <FlowProbe index="8">
      <FlowStats  flowId="1" packets="3240" bytes="4857108" delayFromFirstProbeSum="+5.86156e+10ns" >
      </FlowStats>
      <FlowStats  flowId="2" packets="1747" bytes="93240" delayFromFirstProbeSum="+0ns" >
      </FlowStats>
      <FlowStats  flowId="3" packets="576" bytes="861108" delayFromFirstProbeSum="+2.31598e+10ns" >
      </FlowStats>
      <FlowStats  flowId="4" packets="368" bytes="22196" delayFromFirstProbeSum="+0ns" >
      </FlowStats>
    </FlowProbe>
    <FlowProbe index="9">
    </FlowProbe>
    <FlowProbe index="10">
    </FlowProbe>
    <FlowProbe index="11">
    </FlowProbe>
  </FlowProbes>
</FlowMonitor>
