<?xml version="1.0" ?>
<FlowMonitor>
  <FlowStats>
    <Flow flowId="1" timeFirstTxPacket="+0ns" timeFirstRxPacket="+4.1856e+06ns" timeLastTxPacket="+5.03782e+08ns" timeLastRxPacket="+6.34112e+08ns" delaySum="+5.63481e+09ns" jitterSum="+5.02041e+08ns" lastDelay="+1.3033e+08ns" txBytes="66108" rxBytes="49608" txPackets="46" rxPackets="35" lostPackets="11" timesForwarded="35">
      <packetsDropped reasonCode="0" number="0" />
      <packetsDropped reasonCode="1" number="0" />
      <packetsDropped reasonCode="2" number="0" />
      <packetsDropped reasonCode="3" number="0" />
      <packetsDropped reasonCode="4" number="11" />
      <bytesDropped reasonCode="0" bytes="0" />
      <bytesDropped reasonCode="1" bytes="0" />
      <bytesDropped reasonCode="2" bytes="0" />
      <bytesDropped reasonCode="3" bytes="0" />
      <bytesDropped reasonCode="4" bytes="16500" />
      <delayHistogram nBins="265" >
        <bin index="4" start="0.004" width="0.001" count="1" />
        <bin index="10" start="0.01" width="0.001" count="1" />
        <bin index="12" start="0.012" width="0.001" count="1" />
        <bin index="29" start="0.029" width="0.001" count="1" />
        <bin index="48" start="0.048" width="0.001" count="1" />
        <bin index="68" start="0.068" width="0.001" count="1" />
        <bin index="87" start="0.087" width="0.001" count="1" />
        <bin index="106" start="0.106" width="0.001" count="1" />
        <bin index="125" start="0.125" width="0.001" count="1" />
        <bin index="130" start="0.13" width="0.001" count="1" />
        <bin index="145" start="0.145" width="0.001" count="1" />
        <bin index="149" start="0.149" width="0.001" count="1" />
        <bin index="164" start="0.164" width="0.001" count="1" />
        <bin index="166" start="0.166" width="0.001" count="1" />
        <bin index="168" start="0.168" width="0.001" count="3" />
        <bin index="185" start="0.185" width="0.001" count="1" />
        <bin index="187" start="0.187" width="0.001" count="1" />
        <bin index="188" start="0.188" width="0.001" count="3" />
        <bin index="206" start="0.206" width="0.001" count="2" />
        <bin index="207" start="0.207" width="0.001" count="3" />
        <bin index="225" start="0.225" width="0.001" count="2" />
        <bin index="226" start="0.226" width="0.001" count="2" />
        <bin index="244" start="0.244" width="0.001" count="1" />
        <bin index="245" start="0.245" width="0.001" count="2" />
        <bin index="264" start="0.264" width="0.001" count="1" />
      </delayHistogram>
      <jitterHistogram nBins="39" >
        <bin index="0" start="0" width="0.001" count="6" />
        <bin index="2" start="0.002" width="0.001" count="2" />
        <bin index="6" start="0.006" width="0.001" count="1" />
        <bin index="16" start="0.016" width="0.001" count="1" />
        <bin index="17" start="0.017" width="0.001" count="1" />
        <bin index="18" start="0.018" width="0.001" count="10" />
        <bin index="19" start="0.019" width="0.001" count="12" />
        <bin index="38" start="0.038" width="0.001" count="1" />
      </jitterHistogram>
      <packetSizeHistogram nBins="76" >
        <bin index="2" start="40" width="20" count="2" />
        <bin index="75" start="1500" width="20" count="33" />
      </packetSizeHistogram>
      <flowInterruptionsHistogram nBins="0" >
      </flowInterruptionsHistogram>
    </Flow>
    <Flow flowId="2" timeFirstTxPacket="+0ns" timeFirstRxPacket="+4.2784e+06ns" timeLastTxPacket="+6.55184e+08ns" timeLastRxPacket="+9.96995e+08ns" delaySum="+1.17361e+10ns" jitterSum="+8.81199e+08ns" lastDelay="+3.82502e+08ns" txBytes="354108" rxBytes="93108" txPackets="238" rxPackets="64" lostPackets="32" timesForwarded="64">
      <packetsDropped reasonCode="0" number="0" />
      <packetsDropped reasonCode="1" number="0" />
      <packetsDropped reasonCode="2" number="0" />
      <packetsDropped reasonCode="3" number="0" />
      <packetsDropped reasonCode="4" number="32" />
      <bytesDropped reasonCode="0" bytes="0" />
      <bytesDropped reasonCode="1" bytes="0" />
      <bytesDropped reasonCode="2" bytes="0" />
      <bytesDropped reasonCode="3" bytes="0" />
      <bytesDropped reasonCode="4" bytes="48000" />
      <delayHistogram nBins="383" >
        <bin index="4" start="0.004" width="0.001" count="1" />
        <bin index="12" start="0.012" width="0.001" count="1" />
        <bin index="15" start="0.015" width="0.001" count="1" />
        <bin index="32" start="0.032" width="0.001" count="1" />
        <bin index="48" start="0.048" width="0.001" count="1" />
        <bin index="51" start="0.051" width="0.001" count="1" />
        <bin index="53" start="0.053" width="0.001" count="1" />
        <bin index="62" start="0.062" width="0.001" count="1" />
        <bin index="70" start="0.07" width="0.001" count="1" />
        <bin index="72" start="0.072" width="0.001" count="1" />
        <bin index="76" start="0.076" width="0.001" count="1" />
        <bin index="89" start="0.089" width="0.001" count="1" />
        <bin index="90" start="0.09" width="0.001" count="1" />
        <bin index="104" start="0.104" width="0.001" count="1" />
        <bin index="108" start="0.108" width="0.001" count="1" />
        <bin index="116" start="0.116" width="0.001" count="1" />
        <bin index="127" start="0.127" width="0.001" count="1" />
        <bin index="128" start="0.128" width="0.001" count="1" />
        <bin index="130" start="0.13" width="0.001" count="1" />
        <bin index="139" start="0.139" width="0.001" count="1" />
        <bin index="147" start="0.147" width="0.001" count="1" />
        <bin index="150" start="0.15" width="0.001" count="1" />
        <bin index="162" start="0.162" width="0.001" count="1" />
        <bin index="166" start="0.166" width="0.001" count="2" />
        <bin index="168" start="0.168" width="0.001" count="3" />
        <bin index="173" start="0.173" width="0.001" count="1" />
        <bin index="185" start="0.185" width="0.001" count="2" />
        <bin index="187" start="0.187" width="0.001" count="2" />
        <bin index="188" start="0.188" width="0.001" count="2" />
        <bin index="197" start="0.197" width="0.001" count="1" />
        <bin index="206" start="0.206" width="0.001" count="2" />
        <bin index="207" start="0.207" width="0.001" count="3" />
        <bin index="208" start="0.208" width="0.001" count="1" />
        <bin index="220" start="0.22" width="0.001" count="1" />
        <bin index="225" start="0.225" width="0.001" count="2" />
        <bin index="226" start="0.226" width="0.001" count="2" />
        <bin index="232" start="0.232" width="0.001" count="1" />
        <bin index="243" start="0.243" width="0.001" count="1" />
        <bin index="244" start="0.244" width="0.001" count="1" />
        <bin index="245" start="0.245" width="0.001" count="2" />
        <bin index="255" start="0.255" width="0.001" count="1" />
        <bin index="266" start="0.266" width="0.001" count="1" />
        <bin index="278" start="0.278" width="0.001" count="1" />
        <bin index="289" start="0.289" width="0.001" count="1" />
        <bin index="301" start="0.301" width="0.001" count="1" />
        <bin index="313" start="0.313" width="0.001" count="1" />
        <bin index="324" start="0.324" width="0.001" count="1" />
        <bin index="336" start="0.336" width="0.001" count="1" />
        <bin index="347" start="0.347" width="0.001" count="1" />
        <bin index="359" start="0.359" width="0.001" count="1" />
        <bin index="371" start="0.371" width="0.001" count="1" />
        <bin index="382" start="0.382" width="0.001" count="1" />
      </delayHistogram>
      <jitterHistogram nBins="58" >
        <bin index="0" start="0" width="0.001" count="7" />
        <bin index="2" start="0.002" width="0.001" count="1" />
        <bin index="5" start="0.005" width="0.001" count="1" />
        <bin index="8" start="0.008" width="0.001" count="1" />
        <bin index="11" start="0.011" width="0.001" count="24" />
        <bin index="13" start="0.013" width="0.001" count="2" />
        <bin index="14" start="0.014" width="0.001" count="2" />
        <bin index="16" start="0.016" width="0.001" count="2" />
        <bin index="18" start="0.018" width="0.001" count="9" />
        <bin index="19" start="0.019" width="0.001" count="12" />
        <bin index="38" start="0.038" width="0.001" count="1" />
        <bin index="57" start="0.057" width="0.001" count="1" />
      </jitterHistogram>
      <packetSizeHistogram nBins="76" >
        <bin index="2" start="40" width="20" count="2" />
        <bin index="75" start="1500" width="20" count="62" />
      </packetSizeHistogram>
      <flowInterruptionsHistogram nBins="0" >
      </flowInterruptionsHistogram>
    </Flow>
    <Flow flowId="3" timeFirstTxPacket="+0ns" timeFirstRxPacket="+4.3712e+06ns" timeLastTxPacket="+6.57587e+08ns" timeLastRxPacket="+9.99398e+08ns" delaySum="+1.17593e+10ns" jitterSum="+8.85727e+08ns" lastDelay="+3.82502e+08ns" txBytes="354108" rxBytes="93108" txPackets="238" rxPackets="64" lostPackets="32" timesForwarded="64">
      <packetsDropped reasonCode="0" number="0" />
      <packetsDropped reasonCode="1" number="0" />
      <packetsDropped reasonCode="2" number="0" />
      <packetsDropped reasonCode="3" number="0" />
      <packetsDropped reasonCode="4" number="32" />
      <bytesDropped reasonCode="0" bytes="0" />
      <bytesDropped reasonCode="1" bytes="0" />
      <bytesDropped reasonCode="2" bytes="0" />
      <bytesDropped reasonCode="3" bytes="0" />
      <bytesDropped reasonCode="4" bytes="48000" />
      <delayHistogram nBins="383" >
        <bin index="4" start="0.004" width="0.001" count="1" />
        <bin index="15" start="0.015" width="0.001" count="1" />
        <bin index="17" start="0.017" width="0.001" count="1" />
        <bin index="34" start="0.034" width="0.001" count="1" />
        <bin index="48" start="0.048" width="0.001" count="1" />
        <bin index="53" start="0.053" width="0.001" count="2" />
        <bin index="62" start="0.062" width="0.001" count="1" />
        <bin index="72" start="0.072" width="0.001" count="2" />
        <bin index="76" start="0.076" width="0.001" count="1" />
        <bin index="90" start="0.09" width="0.001" count="1" />
        <bin index="92" start="0.092" width="0.001" count="1" />
        <bin index="104" start="0.104" width="0.001" count="1" />
        <bin index="111" start="0.111" width="0.001" count="1" />
        <bin index="116" start="0.116" width="0.001" count="1" />
        <bin index="127" start="0.127" width="0.001" count="1" />
        <bin index="130" start="0.13" width="0.001" count="2" />
        <bin index="139" start="0.139" width="0.001" count="1" />
        <bin index="149" start="0.149" width="0.001" count="1" />
        <bin index="150" start="0.15" width="0.001" count="1" />
        <bin index="162" start="0.162" width="0.001" count="1" />
        <bin index="166" start="0.166" width="0.001" count="1" />
        <bin index="168" start="0.168" width="0.001" count="4" />
        <bin index="173" start="0.173" width="0.001" count="1" />
        <bin index="185" start="0.185" width="0.001" count="2" />
        <bin index="187" start="0.187" width="0.001" count="2" />
        <bin index="188" start="0.188" width="0.001" count="2" />
        <bin index="197" start="0.197" width="0.001" count="1" />
        <bin index="206" start="0.206" width="0.001" count="2" />
        <bin index="207" start="0.207" width="0.001" count="3" />
        <bin index="208" start="0.208" width="0.001" count="1" />
        <bin index="220" start="0.22" width="0.001" count="1" />
        <bin index="225" start="0.225" width="0.001" count="2" />
        <bin index="226" start="0.226" width="0.001" count="2" />
        <bin index="232" start="0.232" width="0.001" count="1" />
        <bin index="243" start="0.243" width="0.001" count="1" />
        <bin index="244" start="0.244" width="0.001" count="1" />
        <bin index="245" start="0.245" width="0.001" count="2" />
        <bin index="255" start="0.255" width="0.001" count="1" />
        <bin index="266" start="0.266" width="0.001" count="1" />
        <bin index="278" start="0.278" width="0.001" count="1" />
        <bin index="289" start="0.289" width="0.001" count="1" />
        <bin index="301" start="0.301" width="0.001" count="1" />
        <bin index="313" start="0.313" width="0.001" count="1" />
        <bin index="324" start="0.324" width="0.001" count="1" />
        <bin index="336" start="0.336" width="0.001" count="1" />
        <bin index="347" start="0.347" width="0.001" count="1" />
        <bin index="359" start="0.359" width="0.001" count="1" />
        <bin index="371" start="0.371" width="0.001" count="1" />
        <bin index="382" start="0.382" width="0.001" count="1" />
      </delayHistogram>
      <jitterHistogram nBins="58" >
        <bin index="0" start="0" width="0.001" count="6" />
        <bin index="2" start="0.002" width="0.001" count="2" />
        <bin index="5" start="0.005" width="0.001" count="1" />
        <bin index="10" start="0.01" width="0.001" count="1" />
        <bin index="11" start="0.011" width="0.001" count="24" />
        <bin index="13" start="0.013" width="0.001" count="2" />
        <bin index="14" start="0.014" width="0.001" count="2" />
        <bin index="16" start="0.016" width="0.001" count="2" />
        <bin index="18" start="0.018" width="0.001" count="9" />
        <bin index="19" start="0.019" width="0.001" count="12" />
        <bin index="38" start="0.038" width="0.001" count="1" />
        <bin index="57" start="0.057" width="0.001" count="1" />
      </jitterHistogram>
      <packetSizeHistogram nBins="76" >
        <bin index="2" start="40" width="20" count="2" />
        <bin index="75" start="1500" width="20" count="62" />
      </packetSizeHistogram>
      <flowInterruptionsHistogram nBins="0" >
      </flowInterruptionsHistogram>
    </Flow>
    <Flow flowId="4" timeFirstTxPacket="+0ns" timeFirstRxPacket="+4.464e+06ns" timeLastTxPacket="+6.5999e+08ns" timeLastRxPacket="+9.89786e+08ns" delaySum="+1.14e+10ns" jitterSum="+8.78793e+08ns" lastDelay="+3.71039e+08ns" txBytes="354108" rxBytes="91608" txPackets="238" rxPackets="63" lostPackets="32" timesForwarded="63">
      <packetsDropped reasonCode="0" number="0" />
      <packetsDropped reasonCode="1" number="0" />
      <packetsDropped reasonCode="2" number="0" />
      <packetsDropped reasonCode="3" number="0" />
      <packetsDropped reasonCode="4" number="32" />
      <bytesDropped reasonCode="0" bytes="0" />
      <bytesDropped reasonCode="1" bytes="0" />
      <bytesDropped reasonCode="2" bytes="0" />
      <bytesDropped reasonCode="3" bytes="0" />
      <bytesDropped reasonCode="4" bytes="48000" />
      <delayHistogram nBins="372" >
        <bin index="4" start="0.004" width="0.001" count="1" />
        <bin index="17" start="0.017" width="0.001" count="1" />
        <bin index="19" start="0.019" width="0.001" count="1" />
        <bin index="36" start="0.036" width="0.001" count="1" />
        <bin index="48" start="0.048" width="0.001" count="1" />
        <bin index="53" start="0.053" width="0.001" count="1" />
        <bin index="55" start="0.055" width="0.001" count="1" />
        <bin index="62" start="0.062" width="0.001" count="1" />
        <bin index="72" start="0.072" width="0.001" count="1" />
        <bin index="75" start="0.075" width="0.001" count="1" />
        <bin index="76" start="0.076" width="0.001" count="1" />
        <bin index="90" start="0.09" width="0.001" count="1" />
        <bin index="94" start="0.094" width="0.001" count="1" />
        <bin index="104" start="0.104" width="0.001" count="1" />
        <bin index="113" start="0.113" width="0.001" count="1" />
        <bin index="116" start="0.116" width="0.001" count="1" />
        <bin index="127" start="0.127" width="0.001" count="1" />
        <bin index="130" start="0.13" width="0.001" count="1" />
        <bin index="132" start="0.132" width="0.001" count="1" />
        <bin index="139" start="0.139" width="0.001" count="1" />
        <bin index="150" start="0.15" width="0.001" count="1" />
        <bin index="152" start="0.152" width="0.001" count="1" />
        <bin index="162" start="0.162" width="0.001" count="1" />
        <bin index="166" start="0.166" width="0.001" count="1" />
        <bin index="168" start="0.168" width="0.001" count="3" />
        <bin index="171" start="0.171" width="0.001" count="1" />
        <bin index="173" start="0.173" width="0.001" count="1" />
        <bin index="185" start="0.185" width="0.001" count="2" />
        <bin index="187" start="0.187" width="0.001" count="2" />
        <bin index="188" start="0.188" width="0.001" count="2" />
        <bin index="197" start="0.197" width="0.001" count="1" />
        <bin index="206" start="0.206" width="0.001" count="2" />
        <bin index="207" start="0.207" width="0.001" count="3" />
        <bin index="208" start="0.208" width="0.001" count="1" />
        <bin index="220" start="0.22" width="0.001" count="1" />
        <bin index="225" start="0.225" width="0.001" count="2" />
        <bin index="226" start="0.226" width="0.001" count="2" />
        <bin index="232" start="0.232" width="0.001" count="1" />
        <bin index="243" start="0.243" width="0.001" count="1" />
        <bin index="244" start="0.244" width="0.001" count="1" />
        <bin index="245" start="0.245" width="0.001" count="2" />
        <bin index="255" start="0.255" width="0.001" count="1" />
        <bin index="266" start="0.266" width="0.001" count="1" />
        <bin index="278" start="0.278" width="0.001" count="1" />
        <bin index="289" start="0.289" width="0.001" count="1" />
        <bin index="301" start="0.301" width="0.001" count="1" />
        <bin index="313" start="0.313" width="0.001" count="1" />
        <bin index="324" start="0.324" width="0.001" count="1" />
        <bin index="336" start="0.336" width="0.001" count="1" />
        <bin index="347" start="0.347" width="0.001" count="1" />
        <bin index="359" start="0.359" width="0.001" count="1" />
        <bin index="371" start="0.371" width="0.001" count="1" />
      </delayHistogram>
      <jitterHistogram nBins="58" >
        <bin index="0" start="0" width="0.001" count="6" />
        <bin index="2" start="0.002" width="0.001" count="1" />
        <bin index="4" start="0.004" width="0.001" count="1" />
        <bin index="5" start="0.005" width="0.001" count="1" />
        <bin index="11" start="0.011" width="0.001" count="23" />
        <bin index="12" start="0.012" width="0.001" count="1" />
        <bin index="13" start="0.013" width="0.001" count="2" />
        <bin index="14" start="0.014" width="0.001" count="2" />
        <bin index="16" start="0.016" width="0.001" count="2" />
        <bin index="18" start="0.018" width="0.001" count="9" />
        <bin index="19" start="0.019" width="0.001" count="12" />
        <bin index="38" start="0.038" width="0.001" count="1" />
        <bin index="57" start="0.057" width="0.001" count="1" />
      </jitterHistogram>
      <packetSizeHistogram nBins="76" >
        <bin index="2" start="40" width="20" count="2" />
        <bin index="75" start="1500" width="20" count="61" />
      </packetSizeHistogram>
      <flowInterruptionsHistogram nBins="0" >
      </flowInterruptionsHistogram>
    </Flow>
    <Flow flowId="5" timeFirstTxPacket="+0ns" timeFirstRxPacket="+2.0928e+06ns" timeLastTxPacket="+6.60269e+08ns" timeLastRxPacket="+7.01402e+08ns" delaySum="+6.40574e+09ns" jitterSum="+6.43454e+08ns" lastDelay="+4.11328e+07ns" txBytes="75108" rxBytes="57108" txPackets="52" rxPackets="40" lostPackets="12" timesForwarded="0">
      <packetsDropped reasonCode="0" number="0" />
      <packetsDropped reasonCode="1" number="0" />
      <packetsDropped reasonCode="2" number="0" />
      <packetsDropped reasonCode="3" number="0" />
      <packetsDropped reasonCode="4" number="12" />
      <bytesDropped reasonCode="0" bytes="0" />
      <bytesDropped reasonCode="1" bytes="0" />
      <bytesDropped reasonCode="2" bytes="0" />
      <bytesDropped reasonCode="3" bytes="0" />
      <bytesDropped reasonCode="4" bytes="18000" />
      <delayHistogram nBins="268" >
        <bin index="2" start="0.002" width="0.001" count="2" />
        <bin index="4" start="0.004" width="0.001" count="1" />
        <bin index="6" start="0.006" width="0.001" count="1" />
        <bin index="41" start="0.041" width="0.001" count="2" />
        <bin index="43" start="0.043" width="0.001" count="1" />
        <bin index="62" start="0.062" width="0.001" count="1" />
        <bin index="81" start="0.081" width="0.001" count="1" />
        <bin index="101" start="0.101" width="0.001" count="1" />
        <bin index="120" start="0.12" width="0.001" count="1" />
        <bin index="122" start="0.122" width="0.001" count="1" />
        <bin index="139" start="0.139" width="0.001" count="1" />
        <bin index="146" start="0.146" width="0.001" count="1" />
        <bin index="151" start="0.151" width="0.001" count="1" />
        <bin index="158" start="0.158" width="0.001" count="1" />
        <bin index="170" start="0.17" width="0.001" count="2" />
        <bin index="171" start="0.171" width="0.001" count="1" />
        <bin index="190" start="0.19" width="0.001" count="5" />
        <bin index="209" start="0.209" width="0.001" count="5" />
        <bin index="228" start="0.228" width="0.001" count="5" />
        <bin index="247" start="0.247" width="0.001" count="4" />
        <bin index="266" start="0.266" width="0.001" count="1" />
        <bin index="267" start="0.267" width="0.001" count="1" />
      </delayHistogram>
      <jitterHistogram nBins="82" >
        <bin index="0" start="0" width="0.001" count="7" />
        <bin index="2" start="0.002" width="0.001" count="2" />
        <bin index="4" start="0.004" width="0.001" count="1" />
        <bin index="12" start="0.012" width="0.001" count="1" />
        <bin index="18" start="0.018" width="0.001" count="6" />
        <bin index="19" start="0.019" width="0.001" count="19" />
        <bin index="24" start="0.024" width="0.001" count="1" />
        <bin index="36" start="0.036" width="0.001" count="1" />
        <bin index="81" start="0.081" width="0.001" count="1" />
      </jitterHistogram>
      <packetSizeHistogram nBins="76" >
        <bin index="2" start="40" width="20" count="2" />
        <bin index="75" start="1500" width="20" count="38" />
      </packetSizeHistogram>
      <flowInterruptionsHistogram nBins="0" >
      </flowInterruptionsHistogram>
    </Flow>
    <Flow flowId="6" timeFirstTxPacket="+0ns" timeFirstRxPacket="+2.1856e+06ns" timeLastTxPacket="+4.94448e+08ns" timeLastRxPacket="+6.26902e+08ns" delaySum="+5.65428e+09ns" jitterSum="+5.08848e+08ns" lastDelay="+1.32454e+08ns" txBytes="66108" rxBytes="49608" txPackets="46" rxPackets="35" lostPackets="11" timesForwarded="0">
      <packetsDropped reasonCode="0" number="0" />
      <packetsDropped reasonCode="1" number="0" />
      <packetsDropped reasonCode="2" number="0" />
      <packetsDropped reasonCode="3" number="0" />
      <packetsDropped reasonCode="4" number="11" />
      <bytesDropped reasonCode="0" bytes="0" />
      <bytesDropped reasonCode="1" bytes="0" />
      <bytesDropped reasonCode="2" bytes="0" />
      <bytesDropped reasonCode="3" bytes="0" />
      <bytesDropped reasonCode="4" bytes="16500" />
      <delayHistogram nBins="267" >
        <bin index="2" start="0.002" width="0.001" count="1" />
        <bin index="6" start="0.006" width="0.001" count="1" />
        <bin index="9" start="0.009" width="0.001" count="1" />
        <bin index="26" start="0.026" width="0.001" count="1" />
        <bin index="45" start="0.045" width="0.001" count="1" />
        <bin index="65" start="0.065" width="0.001" count="1" />
        <bin index="84" start="0.084" width="0.001" count="1" />
        <bin index="103" start="0.103" width="0.001" count="1" />
        <bin index="122" start="0.122" width="0.001" count="1" />
        <bin index="132" start="0.132" width="0.001" count="1" />
        <bin index="141" start="0.141" width="0.001" count="1" />
        <bin index="151" start="0.151" width="0.001" count="1" />
        <bin index="161" start="0.161" width="0.001" count="1" />
        <bin index="169" start="0.169" width="0.001" count="1" />
        <bin index="170" start="0.17" width="0.001" count="3" />
        <bin index="188" start="0.188" width="0.001" count="1" />
        <bin index="190" start="0.19" width="0.001" count="4" />
        <bin index="208" start="0.208" width="0.001" count="1" />
        <bin index="209" start="0.209" width="0.001" count="4" />
        <bin index="228" start="0.228" width="0.001" count="4" />
        <bin index="247" start="0.247" width="0.001" count="3" />
        <bin index="266" start="0.266" width="0.001" count="1" />
      </delayHistogram>
      <jitterHistogram nBins="39" >
        <bin index="0" start="0" width="0.001" count="6" />
        <bin index="2" start="0.002" width="0.001" count="1" />
        <bin index="4" start="0.004" width="0.001" count="1" />
        <bin index="7" start="0.007" width="0.001" count="1" />
        <bin index="17" start="0.017" width="0.001" count="2" />
        <bin index="18" start="0.018" width="0.001" count="5" />
        <bin index="19" start="0.019" width="0.001" count="17" />
        <bin index="38" start="0.038" width="0.001" count="1" />
      </jitterHistogram>
      <packetSizeHistogram nBins="76" >
        <bin index="2" start="40" width="20" count="2" />
        <bin index="75" start="1500" width="20" count="33" />
      </packetSizeHistogram>
      <flowInterruptionsHistogram nBins="0" >
      </flowInterruptionsHistogram>
    </Flow>
    <Flow flowId="7" timeFirstTxPacket="+0ns" timeFirstRxPacket="+2.2784e+06ns" timeLastTxPacket="+6.48253e+08ns" timeLastRxPacket="+9.92189e+08ns" delaySum="+1.1975e+10ns" jitterSum="+8.9054e+08ns" lastDelay="+3.9312e+08ns" txBytes="667608" rxBytes="93108" txPackets="447" rxPackets="64" lostPackets="27" timesForwarded="0">
      <packetsDropped reasonCode="0" number="0" />
      <packetsDropped reasonCode="1" number="0" />
      <packetsDropped reasonCode="2" number="0" />
      <packetsDropped reasonCode="3" number="0" />
      <packetsDropped reasonCode="4" number="27" />
      <bytesDropped reasonCode="0" bytes="0" />
      <bytesDropped reasonCode="1" bytes="0" />
      <bytesDropped reasonCode="2" bytes="0" />
      <bytesDropped reasonCode="3" bytes="0" />
      <bytesDropped reasonCode="4" bytes="40500" />
      <delayHistogram nBins="394" >
        <bin index="2" start="0.002" width="0.001" count="1" />
        <bin index="9" start="0.009" width="0.001" count="1" />
        <bin index="11" start="0.011" width="0.001" count="1" />
        <bin index="28" start="0.028" width="0.001" count="1" />
        <bin index="48" start="0.048" width="0.001" count="1" />
        <bin index="53" start="0.053" width="0.001" count="1" />
        <bin index="55" start="0.055" width="0.001" count="1" />
        <bin index="67" start="0.067" width="0.001" count="2" />
        <bin index="74" start="0.074" width="0.001" count="1" />
        <bin index="81" start="0.081" width="0.001" count="1" />
        <bin index="86" start="0.086" width="0.001" count="1" />
        <bin index="95" start="0.095" width="0.001" count="1" />
        <bin index="105" start="0.105" width="0.001" count="1" />
        <bin index="109" start="0.109" width="0.001" count="1" />
        <bin index="121" start="0.121" width="0.001" count="1" />
        <bin index="125" start="0.125" width="0.001" count="1" />
        <bin index="132" start="0.132" width="0.001" count="1" />
        <bin index="133" start="0.133" width="0.001" count="1" />
        <bin index="144" start="0.144" width="0.001" count="1" />
        <bin index="145" start="0.145" width="0.001" count="1" />
        <bin index="157" start="0.157" width="0.001" count="1" />
        <bin index="163" start="0.163" width="0.001" count="1" />
        <bin index="168" start="0.168" width="0.001" count="2" />
        <bin index="170" start="0.17" width="0.001" count="3" />
        <bin index="180" start="0.18" width="0.001" count="1" />
        <bin index="188" start="0.188" width="0.001" count="1" />
        <bin index="189" start="0.189" width="0.001" count="1" />
        <bin index="190" start="0.19" width="0.001" count="3" />
        <bin index="192" start="0.192" width="0.001" count="1" />
        <bin index="204" start="0.204" width="0.001" count="1" />
        <bin index="208" start="0.208" width="0.001" count="1" />
        <bin index="209" start="0.209" width="0.001" count="4" />
        <bin index="216" start="0.216" width="0.001" count="1" />
        <bin index="227" start="0.227" width="0.001" count="1" />
        <bin index="228" start="0.228" width="0.001" count="4" />
        <bin index="239" start="0.239" width="0.001" count="1" />
        <bin index="247" start="0.247" width="0.001" count="3" />
        <bin index="251" start="0.251" width="0.001" count="1" />
        <bin index="263" start="0.263" width="0.001" count="1" />
        <bin index="275" start="0.275" width="0.001" count="1" />
        <bin index="287" start="0.287" width="0.001" count="1" />
        <bin index="298" start="0.298" width="0.001" count="1" />
        <bin index="310" start="0.31" width="0.001" count="1" />
        <bin index="322" start="0.322" width="0.001" count="1" />
        <bin index="334" start="0.334" width="0.001" count="1" />
        <bin index="346" start="0.346" width="0.001" count="1" />
        <bin index="357" start="0.357" width="0.001" count="1" />
        <bin index="369" start="0.369" width="0.001" count="1" />
        <bin index="381" start="0.381" width="0.001" count="1" />
        <bin index="393" start="0.393" width="0.001" count="1" />
      </delayHistogram>
      <jitterHistogram nBins="58" >
        <bin index="0" start="0" width="0.001" count="6" />
        <bin index="2" start="0.002" width="0.001" count="2" />
        <bin index="5" start="0.005" width="0.001" count="1" />
        <bin index="7" start="0.007" width="0.001" count="1" />
        <bin index="11" start="0.011" width="0.001" count="24" />
        <bin index="14" start="0.014" width="0.001" count="4" />
        <bin index="17" start="0.017" width="0.001" count="2" />
        <bin index="18" start="0.018" width="0.001" count="3" />
        <bin index="19" start="0.019" width="0.001" count="18" />
        <bin index="38" start="0.038" width="0.001" count="1" />
        <bin index="57" start="0.057" width="0.001" count="1" />
      </jitterHistogram>
      <packetSizeHistogram nBins="76" >
        <bin index="2" start="40" width="20" count="2" />
        <bin index="75" start="1500" width="20" count="62" />
      </packetSizeHistogram>
      <flowInterruptionsHistogram nBins="0" >
      </flowInterruptionsHistogram>
    </Flow>
    <Flow flowId="8" timeFirstTxPacket="+0ns" timeFirstRxPacket="+2.3712e+06ns" timeLastTxPacket="+6.50656e+08ns" timeLastRxPacket="+9.94592e+08ns" delaySum="+1.19982e+10ns" jitterSum="+8.90275e+08ns" lastDelay="+3.9312e+08ns" txBytes="667608" rxBytes="93108" txPackets="447" rxPackets="64" lostPackets="27" timesForwarded="0">
      <packetsDropped reasonCode="0" number="0" />
      <packetsDropped reasonCode="1" number="0" />
      <packetsDropped reasonCode="2" number="0" />
      <packetsDropped reasonCode="3" number="0" />
      <packetsDropped reasonCode="4" number="27" />
      <bytesDropped reasonCode="0" bytes="0" />
      <bytesDropped reasonCode="1" bytes="0" />
      <bytesDropped reasonCode="2" bytes="0" />
      <bytesDropped reasonCode="3" bytes="0" />
      <bytesDropped reasonCode="4" bytes="40500" />
      <delayHistogram nBins="394" >
        <bin index="2" start="0.002" width="0.001" count="1" />
        <bin index="11" start="0.011" width="0.001" count="1" />
        <bin index="14" start="0.014" width="0.001" count="1" />
        <bin index="31" start="0.031" width="0.001" count="1" />
        <bin index="50" start="0.05" width="0.001" count="1" />
        <bin index="53" start="0.053" width="0.001" count="1" />
        <bin index="55" start="0.055" width="0.001" count="1" />
        <bin index="67" start="0.067" width="0.001" count="1" />
        <bin index="69" start="0.069" width="0.001" count="1" />
        <bin index="74" start="0.074" width="0.001" count="1" />
        <bin index="81" start="0.081" width="0.001" count="1" />
        <bin index="88" start="0.088" width="0.001" count="1" />
        <bin index="95" start="0.095" width="0.001" count="1" />
        <bin index="108" start="0.108" width="0.001" count="1" />
        <bin index="109" start="0.109" width="0.001" count="1" />
        <bin index="121" start="0.121" width="0.001" count="1" />
        <bin index="127" start="0.127" width="0.001" count="1" />
        <bin index="132" start="0.132" width="0.001" count="1" />
        <bin index="133" start="0.133" width="0.001" count="1" />
        <bin index="145" start="0.145" width="0.001" count="1" />
        <bin index="146" start="0.146" width="0.001" count="1" />
        <bin index="157" start="0.157" width="0.001" count="1" />
        <bin index="165" start="0.165" width="0.001" count="1" />
        <bin index="168" start="0.168" width="0.001" count="2" />
        <bin index="170" start="0.17" width="0.001" count="3" />
        <bin index="180" start="0.18" width="0.001" count="1" />
        <bin index="187" start="0.187" width="0.001" count="1" />
        <bin index="189" start="0.189" width="0.001" count="1" />
        <bin index="190" start="0.19" width="0.001" count="3" />
        <bin index="192" start="0.192" width="0.001" count="1" />
        <bin index="204" start="0.204" width="0.001" count="1" />
        <bin index="208" start="0.208" width="0.001" count="1" />
        <bin index="209" start="0.209" width="0.001" count="4" />
        <bin index="216" start="0.216" width="0.001" count="1" />
        <bin index="227" start="0.227" width="0.001" count="1" />
        <bin index="228" start="0.228" width="0.001" count="4" />
        <bin index="239" start="0.239" width="0.001" count="1" />
        <bin index="247" start="0.247" width="0.001" count="3" />
        <bin index="251" start="0.251" width="0.001" count="1" />
        <bin index="263" start="0.263" width="0.001" count="1" />
        <bin index="275" start="0.275" width="0.001" count="1" />
        <bin index="287" start="0.287" width="0.001" count="1" />
        <bin index="298" start="0.298" width="0.001" count="1" />
        <bin index="310" start="0.31" width="0.001" count="1" />
        <bin index="322" start="0.322" width="0.001" count="1" />
        <bin index="334" start="0.334" width="0.001" count="1" />
        <bin index="346" start="0.346" width="0.001" count="1" />
        <bin index="357" start="0.357" width="0.001" count="1" />
        <bin index="369" start="0.369" width="0.001" count="1" />
        <bin index="381" start="0.381" width="0.001" count="1" />
        <bin index="393" start="0.393" width="0.001" count="1" />
      </delayHistogram>
      <jitterHistogram nBins="58" >
        <bin index="0" start="0" width="0.001" count="6" />
        <bin index="2" start="0.002" width="0.001" count="2" />
        <bin index="3" start="0.003" width="0.001" count="1" />
        <bin index="9" start="0.009" width="0.001" count="1" />
        <bin index="11" start="0.011" width="0.001" count="24" />
        <bin index="14" start="0.014" width="0.001" count="4" />
        <bin index="17" start="0.017" width="0.001" count="2" />
        <bin index="18" start="0.018" width="0.001" count="3" />
        <bin index="19" start="0.019" width="0.001" count="18" />
        <bin index="38" start="0.038" width="0.001" count="1" />
        <bin index="57" start="0.057" width="0.001" count="1" />
      </jitterHistogram>
      <packetSizeHistogram nBins="76" >
        <bin index="2" start="40" width="20" count="2" />
        <bin index="75" start="1500" width="20" count="62" />
      </packetSizeHistogram>
      <flowInterruptionsHistogram nBins="0" >
      </flowInterruptionsHistogram>
    </Flow>
    <Flow flowId="9" timeFirstTxPacket="+2.0928e+06ns" timeFirstRxPacket="+4.1856e+06ns" timeLastTxPacket="+1e+09ns" timeLastRxPacket="+7.03514e+08ns" delaySum="+7.39904e+07ns" jitterSum="+57600ns" lastDelay="+2.112e+06ns" txBytes="2476" rxBytes="2424" txPackets="36" rxPackets="35" lostPackets="0" timesForwarded="0">
      <delayHistogram nBins="3" >
        <bin index="2" start="0.002" width="0.001" count="35" />
      </delayHistogram>
      <jitterHistogram nBins="1" >
        <bin index="0" start="0" width="0.001" count="34" />
      </jitterHistogram>
      <packetSizeHistogram nBins="4" >
        <bin index="2" start="40" width="20" count="5" />
        <bin index="3" start="60" width="20" count="30" />
      </packetSizeHistogram>
      <flowInterruptionsHistogram nBins="0" >
      </flowInterruptionsHistogram>
    </Flow>
    <Flow flowId="10" timeFirstTxPacket="+2.1856e+06ns" timeFirstRxPacket="+4.2784e+06ns" timeLastTxPacket="+1e+09ns" timeLastRxPacket="+6.29027e+08ns" delaySum="+6.5504e+07ns" jitterSum="+44800ns" lastDelay="+2.1248e+06ns" txBytes="2180" rxBytes="2128" txPackets="32" rxPackets="31" lostPackets="0" timesForwarded="0">
      <delayHistogram nBins="3" >
        <bin index="2" start="0.002" width="0.001" count="31" />
      </delayHistogram>
      <jitterHistogram nBins="1" >
        <bin index="0" start="0" width="0.001" count="30" />
      </jitterHistogram>
      <packetSizeHistogram nBins="4" >
        <bin index="2" start="40" width="20" count="5" />
        <bin index="3" start="60" width="20" count="26" />
      </packetSizeHistogram>
      <flowInterruptionsHistogram nBins="0" >
      </flowInterruptionsHistogram>
    </Flow>
    <Flow flowId="11" timeFirstTxPacket="+2.2784e+06ns" timeFirstRxPacket="+4.3712e+06ns" timeLastTxPacket="+1e+09ns" timeLastRxPacket="+9.94314e+08ns" delaySum="+1.27162e+08ns" jitterSum="+44800ns" lastDelay="+2.1248e+06ns" txBytes="4408" rxBytes="4356" txPackets="61" rxPackets="60" lostPackets="0" timesForwarded="0">
      <delayHistogram nBins="3" >
        <bin index="2" start="0.002" width="0.001" count="60" />
      </delayHistogram>
      <jitterHistogram nBins="1" >
        <bin index="0" start="0" width="0.001" count="59" />
      </jitterHistogram>
      <packetSizeHistogram nBins="4" >
        <bin index="2" start="40" width="20" count="4" />
        <bin index="3" start="60" width="20" count="56" />
      </packetSizeHistogram>
      <flowInterruptionsHistogram nBins="0" >
      </flowInterruptionsHistogram>
    </Flow>
    <Flow flowId="12" timeFirstTxPacket="+2.3712e+06ns" timeFirstRxPacket="+4.464e+06ns" timeLastTxPacket="+1e+09ns" timeLastRxPacket="+9.96717e+08ns" delaySum="+1.27162e+08ns" jitterSum="+44800ns" lastDelay="+2.1248e+06ns" txBytes="4408" rxBytes="4356" txPackets="61" rxPackets="60" lostPackets="0" timesForwarded="0">
      <delayHistogram nBins="3" >
        <bin index="2" start="0.002" width="0.001" count="60" />
      </delayHistogram>
      <jitterHistogram nBins="1" >
        <bin index="0" start="0" width="0.001" count="59" />
      </jitterHistogram>
      <packetSizeHistogram nBins="4" >
        <bin index="2" start="40" width="20" count="4" />
        <bin index="3" start="60" width="20" count="56" />
      </packetSizeHistogram>
      <flowInterruptionsHistogram nBins="0" >
      </flowInterruptionsHistogram>
    </Flow>
    <Flow flowId="13" timeFirstTxPacket="+4.1856e+06ns" timeFirstRxPacket="+8.3712e+06ns" timeLastTxPacket="+1e+09ns" timeLastRxPacket="+6.38362e+08ns" delaySum="+1.31008e+08ns" jitterSum="+89600ns" lastDelay="+4.2496e+06ns" txBytes="2180" rxBytes="2128" txPackets="32" rxPackets="31" lostPackets="0" timesForwarded="31">
      <delayHistogram nBins="5" >
        <bin index="4" start="0.004" width="0.001" count="31" />
      </delayHistogram>
      <jitterHistogram nBins="1" >
        <bin index="0" start="0" width="0.001" count="30" />
      </jitterHistogram>
      <packetSizeHistogram nBins="4" >
        <bin index="2" start="40" width="20" count="5" />
        <bin index="3" start="60" width="20" count="26" />
      </packetSizeHistogram>
      <flowInterruptionsHistogram nBins="0" >
      </flowInterruptionsHistogram>
    </Flow>
    <Flow flowId="14" timeFirstTxPacket="+4.2784e+06ns" timeFirstRxPacket="+8.464e+06ns" timeLastTxPacket="+1e+09ns" timeLastRxPacket="+9.89229e+08ns" delaySum="+2.50074e+08ns" jitterSum="+89600ns" lastDelay="+4.2496e+06ns" txBytes="4408" rxBytes="4280" txPackets="61" rxPackets="59" lostPackets="0" timesForwarded="59">
      <delayHistogram nBins="5" >
        <bin index="4" start="0.004" width="0.001" count="59" />
      </delayHistogram>
      <jitterHistogram nBins="1" >
        <bin index="0" start="0" width="0.001" count="58" />
      </jitterHistogram>
      <packetSizeHistogram nBins="4" >
        <bin index="2" start="40" width="20" count="4" />
        <bin index="3" start="60" width="20" count="55" />
      </packetSizeHistogram>
      <flowInterruptionsHistogram nBins="0" >
      </flowInterruptionsHistogram>
    </Flow>
    <Flow flowId="15" timeFirstTxPacket="+4.3712e+06ns" timeFirstRxPacket="+8.5568e+06ns" timeLastTxPacket="+1e+09ns" timeLastRxPacket="+9.91632e+08ns" delaySum="+2.50074e+08ns" jitterSum="+89600ns" lastDelay="+4.2496e+06ns" txBytes="4408" rxBytes="4280" txPackets="61" rxPackets="59" lostPackets="0" timesForwarded="59">
      <delayHistogram nBins="5" >
        <bin index="4" start="0.004" width="0.001" count="59" />
      </delayHistogram>
      <jitterHistogram nBins="1" >
        <bin index="0" start="0" width="0.001" count="58" />
      </jitterHistogram>
      <packetSizeHistogram nBins="4" >
        <bin index="2" start="40" width="20" count="4" />
        <bin index="3" start="60" width="20" count="55" />
      </packetSizeHistogram>
      <flowInterruptionsHistogram nBins="0" >
      </flowInterruptionsHistogram>
    </Flow>
    <Flow flowId="16" timeFirstTxPacket="+4.464e+06ns" timeFirstRxPacket="+8.6496e+06ns" timeLastTxPacket="+1e+09ns" timeLastRxPacket="+9.94035e+08ns" delaySum="+2.50074e+08ns" jitterSum="+89600ns" lastDelay="+4.2496e+06ns" txBytes="4332" rxBytes="4280" txPackets="60" rxPackets="59" lostPackets="0" timesForwarded="59">
      <delayHistogram nBins="5" >
        <bin index="4" start="0.004" width="0.001" count="59" />
      </delayHistogram>
      <jitterHistogram nBins="1" >
        <bin index="0" start="0" width="0.001" count="58" />
      </jitterHistogram>
      <packetSizeHistogram nBins="4" >
        <bin index="2" start="40" width="20" count="4" />
        <bin index="3" start="60" width="20" count="55" />
      </packetSizeHistogram>
      <flowInterruptionsHistogram nBins="0" >
      </flowInterruptionsHistogram>
    </Flow>
  </FlowStats>
  <Ipv4FlowClassifier>
    <Flow flowId="1" sourceAddress="10.1.1.1" destinationAddress="10.2.1.2" protocol="6" sourcePort="49153" destinationPort="50001">
      <Dscp value="0x0" packets="46" />
    </Flow>
    <Flow flowId="2" sourceAddress="10.1.2.1" destinationAddress="10.2.2.2" protocol="6" sourcePort="49153" destinationPort="50001">
      <Dscp value="0x0" packets="238" />
    </Flow>
    <Flow flowId="13" sourceAddress="10.2.1.2" destinationAddress="10.1.1.1" protocol="6" sourcePort="50001" destinationPort="49153">
      <Dscp value="0x0" packets="32" />
    </Flow>
    <Flow flowId="9" sourceAddress="10.2.1.2" destinationAddress="10.5.1.1" protocol="6" sourcePort="50001" destinationPort="49153">
      <Dscp value="0x0" packets="36" />
    </Flow>
    <Flow flowId="14" sourceAddress="10.2.2.2" destinationAddress="10.1.2.1" protocol="6" sourcePort="50001" destinationPort="49153">
      <Dscp value="0x0" packets="61" />
    </Flow>
    <Flow flowId="10" sourceAddress="10.2.2.2" destinationAddress="10.5.1.1" protocol="6" sourcePort="50001" destinationPort="49154">
      <Dscp value="0x0" packets="32" />
    </Flow>
    <Flow flowId="3" sourceAddress="10.3.1.1" destinationAddress="10.4.1.2" protocol="6" sourcePort="49153" destinationPort="50001">
      <Dscp value="0x0" packets="238" />
    </Flow>
    <Flow flowId="4" sourceAddress="10.3.2.1" destinationAddress="10.4.2.2" protocol="6" sourcePort="49153" destinationPort="50001">
      <Dscp value="0x0" packets="238" />
    </Flow>
    <Flow flowId="15" sourceAddress="10.4.1.2" destinationAddress="10.3.1.1" protocol="6" sourcePort="50001" destinationPort="49153">
      <Dscp value="0x0" packets="61" />
    </Flow>
    <Flow flowId="11" sourceAddress="10.4.1.2" destinationAddress="10.5.1.1" protocol="6" sourcePort="50001" destinationPort="49155">
      <Dscp value="0x0" packets="61" />
    </Flow>
    <Flow flowId="16" sourceAddress="10.4.2.2" destinationAddress="10.3.2.1" protocol="6" sourcePort="50001" destinationPort="49153">
      <Dscp value="0x0" packets="60" />
    </Flow>
    <Flow flowId="12" sourceAddress="10.4.2.2" destinationAddress="10.5.1.1" protocol="6" sourcePort="50001" destinationPort="49156">
      <Dscp value="0x0" packets="61" />
    </Flow>
    <Flow flowId="5" sourceAddress="10.5.1.1" destinationAddress="10.2.1.2" protocol="6" sourcePort="49153" destinationPort="50001">
      <Dscp value="0x0" packets="52" />
    </Flow>
    <Flow flowId="6" sourceAddress="10.5.1.1" destinationAddress="10.2.2.2" protocol="6" sourcePort="49154" destinationPort="50001">
      <Dscp value="0x0" packets="46" />
    </Flow>
    <Flow flowId="7" sourceAddress="10.5.1.1" destinationAddress="10.4.1.2" protocol="6" sourcePort="49155" destinationPort="50001">
      <Dscp value="0x0" packets="447" />
    </Flow>
    <Flow flowId="8" sourceAddress="10.5.1.1" destinationAddress="10.4.2.2" protocol="6" sourcePort="49156" destinationPort="50001">
      <Dscp value="0x0" packets="447" />
    </Flow>
  </Ipv4FlowClassifier>
  <Ipv6FlowClassifier>
  </Ipv6FlowClassifier>
  <FlowProbes>
    <FlowProbe index="0">
      <FlowStats  flowId="1" packets="46" bytes="66108" delayFromFirstProbeSum="+0ns" >
      </FlowStats>
      <FlowStats  flowId="13" packets="31" bytes="2128" delayFromFirstProbeSum="+1.31008e+08ns" >
      </FlowStats>
    </FlowProbe>
    <FlowProbe index="1">
    </FlowProbe>
    <FlowProbe index="2">
      <FlowStats  flowId="2" packets="238" bytes="354108" delayFromFirstProbeSum="+0ns" >
        <packetsDropped reasonCode="0" number="0" />
        <packetsDropped reasonCode="1" number="0" />
        <packetsDropped reasonCode="2" number="0" />
        <packetsDropped reasonCode="3" number="0" />
        <packetsDropped reasonCode="4" number="5" />
        <bytesDropped reasonCode="0" bytes="0" />
        <bytesDropped reasonCode="1" bytes="0" />
        <bytesDropped reasonCode="2" bytes="0" />
        <bytesDropped reasonCode="3" bytes="0" />
        <bytesDropped reasonCode="4" bytes="7500" />
      </FlowStats>
      <FlowStats  flowId="14" packets="59" bytes="4280" delayFromFirstProbeSum="+2.50074e+08ns" >
      </FlowStats>
    </FlowProbe>
    <FlowProbe index="3">
    </FlowProbe>
    <FlowProbe index="4">
    </FlowProbe>
    <FlowProbe index="5">
    </FlowProbe>
    <FlowProbe index="6">
    </FlowProbe>
    <FlowProbe index="7">
    </FlowProbe>
    <FlowProbe index="8">
      <FlowStats  flowId="3" packets="238" bytes="354108" delayFromFirstProbeSum="+0ns" >
        <packetsDropped reasonCode="0" number="0" />
        <packetsDropped reasonCode="1" number="0" />
        <packetsDropped reasonCode="2" number="0" />
        <packetsDropped reasonCode="3" number="0" />
        <packetsDropped reasonCode="4" number="5" />
        <bytesDropped reasonCode="0" bytes="0" />
        <bytesDropped reasonCode="1" bytes="0" />
        <bytesDropped reasonCode="2" bytes="0" />
        <bytesDropped reasonCode="3" bytes="0" />
        <bytesDropped reasonCode="4" bytes="7500" />
      </FlowStats>
      <FlowStats  flowId="15" packets="59" bytes="4280" delayFromFirstProbeSum="+2.50074e+08ns" >
      </FlowStats>
    </FlowProbe>
    <FlowProbe index="9">
    </FlowProbe>
    <FlowProbe index="10">
      <FlowStats  flowId="4" packets="238" bytes="354108" delayFromFirstProbeSum="+0ns" >
        <packetsDropped reasonCode="0" number="0" />
        <packetsDropped reasonCode="1" number="0" />
        <packetsDropped reasonCode="2" number="0" />
        <packetsDropped reasonCode="3" number="0" />
        <packetsDropped reasonCode="4" number="5" />
        <bytesDropped reasonCode="0" bytes="0" />
        <bytesDropped reasonCode="1" bytes="0" />
        <bytesDropped reasonCode="2" bytes="0" />
        <bytesDropped reasonCode="3" bytes="0" />
        <bytesDropped reasonCode="4" bytes="7500" />
      </FlowStats>
      <FlowStats  flowId="16" packets="59" bytes="4280" delayFromFirstProbeSum="+2.50074e+08ns" >
      </FlowStats>
    </FlowProbe>
    <FlowProbe index="11">
    </FlowProbe>
    <FlowProbe index="12">
    </FlowProbe>
    <FlowProbe index="13">
    </FlowProbe>
    <FlowProbe index="14">
    </FlowProbe>
    <FlowProbe index="15">
    </FlowProbe>
    <FlowProbe index="16">
      <FlowStats  flowId="1" packets="46" bytes="66108" delayFromFirstProbeSum="+3.66142e+08ns" >
        <packetsDropped reasonCode="0" number="0" />
        <packetsDropped reasonCode="1" number="0" />
        <packetsDropped reasonCode="2" number="0" />
        <packetsDropped reasonCode="3" number="0" />
        <packetsDropped reasonCode="4" number="11" />
        <bytesDropped reasonCode="0" bytes="0" />
        <bytesDropped reasonCode="1" bytes="0" />
        <bytesDropped reasonCode="2" bytes="0" />
        <bytesDropped reasonCode="3" bytes="0" />
        <bytesDropped reasonCode="4" bytes="16500" />
      </FlowStats>
      <FlowStats  flowId="2" packets="210" bytes="312108" delayFromFirstProbeSum="+2.94218e+10ns" >
        <packetsDropped reasonCode="0" number="0" />
        <packetsDropped reasonCode="1" number="0" />
        <packetsDropped reasonCode="2" number="0" />
        <packetsDropped reasonCode="3" number="0" />
        <packetsDropped reasonCode="4" number="27" />
        <bytesDropped reasonCode="0" bytes="0" />
        <bytesDropped reasonCode="1" bytes="0" />
        <bytesDropped reasonCode="2" bytes="0" />
        <bytesDropped reasonCode="3" bytes="0" />
        <bytesDropped reasonCode="4" bytes="40500" />
      </FlowStats>
      <FlowStats  flowId="3" packets="209" bytes="310608" delayFromFirstProbeSum="+2.90673e+10ns" >
        <packetsDropped reasonCode="0" number="0" />
        <packetsDropped reasonCode="1" number="0" />
        <packetsDropped reasonCode="2" number="0" />
        <packetsDropped reasonCode="3" number="0" />
        <packetsDropped reasonCode="4" number="27" />
        <bytesDropped reasonCode="0" bytes="0" />
        <bytesDropped reasonCode="1" bytes="0" />
        <bytesDropped reasonCode="2" bytes="0" />
        <bytesDropped reasonCode="3" bytes="0" />
        <bytesDropped reasonCode="4" bytes="40500" />
      </FlowStats>
      <FlowStats  flowId="4" packets="208" bytes="309108" delayFromFirstProbeSum="+2.87151e+10ns" >
        <packetsDropped reasonCode="0" number="0" />
        <packetsDropped reasonCode="1" number="0" />
        <packetsDropped reasonCode="2" number="0" />
        <packetsDropped reasonCode="3" number="0" />
        <packetsDropped reasonCode="4" number="27" />
        <bytesDropped reasonCode="0" bytes="0" />
        <bytesDropped reasonCode="1" bytes="0" />
        <bytesDropped reasonCode="2" bytes="0" />
        <bytesDropped reasonCode="3" bytes="0" />
        <bytesDropped reasonCode="4" bytes="40500" />
      </FlowStats>
      <FlowStats  flowId="5" packets="52" bytes="75108" delayFromFirstProbeSum="+0ns" >
        <packetsDropped reasonCode="0" number="0" />
        <packetsDropped reasonCode="1" number="0" />
        <packetsDropped reasonCode="2" number="0" />
        <packetsDropped reasonCode="3" number="0" />
        <packetsDropped reasonCode="4" number="12" />
        <bytesDropped reasonCode="0" bytes="0" />
        <bytesDropped reasonCode="1" bytes="0" />
        <bytesDropped reasonCode="2" bytes="0" />
        <bytesDropped reasonCode="3" bytes="0" />
        <bytesDropped reasonCode="4" bytes="18000" />
      </FlowStats>
      <FlowStats  flowId="6" packets="46" bytes="66108" delayFromFirstProbeSum="+0ns" >
        <packetsDropped reasonCode="0" number="0" />
        <packetsDropped reasonCode="1" number="0" />
        <packetsDropped reasonCode="2" number="0" />
        <packetsDropped reasonCode="3" number="0" />
        <packetsDropped reasonCode="4" number="11" />
        <bytesDropped reasonCode="0" bytes="0" />
        <bytesDropped reasonCode="1" bytes="0" />
        <bytesDropped reasonCode="2" bytes="0" />
        <bytesDropped reasonCode="3" bytes="0" />
        <bytesDropped reasonCode="4" bytes="16500" />
      </FlowStats>
      <FlowStats  flowId="7" packets="447" bytes="667608" delayFromFirstProbeSum="+0ns" >
        <packetsDropped reasonCode="0" number="0" />
        <packetsDropped reasonCode="1" number="0" />
        <packetsDropped reasonCode="2" number="0" />
        <packetsDropped reasonCode="3" number="0" />
        <packetsDropped reasonCode="4" number="27" />
        <bytesDropped reasonCode="0" bytes="0" />
        <bytesDropped reasonCode="1" bytes="0" />
        <bytesDropped reasonCode="2" bytes="0" />
        <bytesDropped reasonCode="3" bytes="0" />
        <bytesDropped reasonCode="4" bytes="40500" />
      </FlowStats>
      <FlowStats  flowId="8" packets="447" bytes="667608" delayFromFirstProbeSum="+0ns" >
        <packetsDropped reasonCode="0" number="0" />
        <packetsDropped reasonCode="1" number="0" />
        <packetsDropped reasonCode="2" number="0" />
        <packetsDropped reasonCode="3" number="0" />
        <packetsDropped reasonCode="4" number="27" />
        <bytesDropped reasonCode="0" bytes="0" />
        <bytesDropped reasonCode="1" bytes="0" />
        <bytesDropped reasonCode="2" bytes="0" />
        <bytesDropped reasonCode="3" bytes="0" />
        <bytesDropped reasonCode="4" bytes="40500" />
      </FlowStats>
      <FlowStats  flowId="9" packets="35" bytes="2424" delayFromFirstProbeSum="+7.39904e+07ns" >
      </FlowStats>
      <FlowStats  flowId="10" packets="31" bytes="2128" delayFromFirstProbeSum="+6.5504e+07ns" >
      </FlowStats>
      <FlowStats  flowId="11" packets="60" bytes="4356" delayFromFirstProbeSum="+1.27162e+08ns" >
      </FlowStats>
      <FlowStats  flowId="12" packets="60" bytes="4356" delayFromFirstProbeSum="+1.27162e+08ns" >
      </FlowStats>
      <FlowStats  flowId="13" packets="31" bytes="2128" delayFromFirstProbeSum="+6.5504e+07ns" >
      </FlowStats>
      <FlowStats  flowId="14" packets="60" bytes="4356" delayFromFirstProbeSum="+1.27162e+08ns" >
      </FlowStats>
      <FlowStats  flowId="15" packets="59" bytes="4280" delayFromFirstProbeSum="+1.25037e+08ns" >
      </FlowStats>
      <FlowStats  flowId="16" packets="59" bytes="4280" delayFromFirstProbeSum="+1.25037e+08ns" >
      </FlowStats>
    </FlowProbe>
    <FlowProbe index="17">
    </FlowProbe>
    <FlowProbe index="18">
      <FlowStats  flowId="1" packets="35" bytes="49608" delayFromFirstProbeSum="+5.63481e+09ns" >
      </FlowStats>
      <FlowStats  flowId="2" packets="64" bytes="93108" delayFromFirstProbeSum="+1.17361e+10ns" >
      </FlowStats>
      <FlowStats  flowId="3" packets="64" bytes="93108" delayFromFirstProbeSum="+1.17593e+10ns" >
      </FlowStats>
      <FlowStats  flowId="4" packets="63" bytes="91608" delayFromFirstProbeSum="+1.14e+10ns" >
      </FlowStats>
      <FlowStats  flowId="5" packets="40" bytes="57108" delayFromFirstProbeSum="+6.40574e+09ns" >
      </FlowStats>
      <FlowStats  flowId="6" packets="35" bytes="49608" delayFromFirstProbeSum="+5.65428e+09ns" >
      </FlowStats>
      <FlowStats  flowId="7" packets="64" bytes="93108" delayFromFirstProbeSum="+1.1975e+10ns" >
      </FlowStats>
      <FlowStats  flowId="8" packets="64" bytes="93108" delayFromFirstProbeSum="+1.19982e+10ns" >
      </FlowStats>
      <FlowStats  flowId="9" packets="36" bytes="2476" delayFromFirstProbeSum="+0ns" >
      </FlowStats>
      <FlowStats  flowId="10" packets="32" bytes="2180" delayFromFirstProbeSum="+0ns" >
      </FlowStats>
      <FlowStats  flowId="11" packets="61" bytes="4408" delayFromFirstProbeSum="+0ns" >
      </FlowStats>
      <FlowStats  flowId="12" packets="61" bytes="4408" delayFromFirstProbeSum="+0ns" >
      </FlowStats>
      <FlowStats  flowId="13" packets="32" bytes="2180" delayFromFirstProbeSum="+0ns" >
      </FlowStats>
      <FlowStats  flowId="14" packets="61" bytes="4408" delayFromFirstProbeSum="+0ns" >
      </FlowStats>
      <FlowStats  flowId="15" packets="61" bytes="4408" delayFromFirstProbeSum="+0ns" >
      </FlowStats>
      <FlowStats  flowId="16" packets="60" bytes="4332" delayFromFirstProbeSum="+0ns" >
      </FlowStats>
    </FlowProbe>
    <FlowProbe index="19">
    </FlowProbe>
  </FlowProbes>
</FlowMonitor>
